<?xml version="1.0" encoding="UTF-8"?>
<coverage generated="1693397013133" clover="3.2.0">
  <project timestamp="1693397013133" name="All files">
    <metrics statements="18" coveredstatements="4" conditionals="12" coveredconditionals="1" methods="6" coveredmethods="3" elements="36" coveredelements="8" complexity="0" loc="18" ncloc="18" packages="1" files="4" classes="4"/>
    <file name="1_basics.js" path="/Users/cchaouat/Desktop/Jest/src/1_basics.js">
      <metrics statements="2" coveredstatements="2" conditionals="2" coveredconditionals="1" methods="2" coveredmethods="2"/>
      <line num="2" count="4" type="stmt"/>
      <line num="6" count="1" type="cond" truecount="1" falsecount="1"/>
    </file>
    <file name="2_mockFn.js" path="/Users/cchaouat/Desktop/Jest/src/2_mockFn.js">
      <metrics statements="5" coveredstatements="1" conditionals="2" coveredconditionals="0" methods="1" coveredmethods="0"/>
      <line num="6" count="1" type="stmt"/>
      <line num="7" count="0" type="stmt"/>
      <line num="9" count="0" type="cond" truecount="0" falsecount="2"/>
      <line num="10" count="0" type="stmt"/>
      <line num="13" count="0" type="stmt"/>
    </file>
    <file name="4_mockFetch.js" path="/Users/cchaouat/Desktop/Jest/src/4_mockFetch.js">
      <metrics statements="10" coveredstatements="0" conditionals="8" coveredconditionals="0" methods="2" coveredmethods="0"/>
      <line num="10" count="0" type="cond" truecount="0" falsecount="2"/>
      <line num="14" count="0" type="stmt"/>
      <line num="16" count="0" type="cond" truecount="0" falsecount="2"/>
      <line num="17" count="0" type="stmt"/>
      <line num="18" count="0" type="stmt"/>
      <line num="21" count="0" type="cond" truecount="0" falsecount="2"/>
      <line num="22" count="0" type="stmt"/>
      <line num="25" count="0" type="cond" truecount="0" falsecount="2"/>
      <line num="26" count="0" type="stmt"/>
      <line num="29" count="0" type="stmt"/>
    </file>
    <file name="sum.js" path="/Users/cchaouat/Desktop/Jest/src/sum.js">
      <metrics statements="1" coveredstatements="1" conditionals="0" coveredconditionals="0" methods="1" coveredmethods="1"/>
      <line num="2" count="1" type="stmt"/>
    </file>
  </project>
</coverage>
