{"/Users/cchaouat/Desktop/Jest/src/1_basics.js": {"path":"/Users/cchaouat/Desktop/Jest/src/1_basics.js","statementMap":{"0":{"start":{"line":2,"column":2},"end":{"line":2,"column":15}},"1":{"start":{"line":6,"column":2},"end":{"line":6,"column":52}}},"fnMap":{"0":{"name":"multiply","decl":{"start":{"line":1,"column":16},"end":{"line":1,"column":24}},"loc":{"start":{"line":1,"column":31},"end":{"line":3,"column":1}},"line":1},"1":{"name":"isSmallerThan10","decl":{"start":{"line":5,"column":16},"end":{"line":5,"column":31}},"loc":{"start":{"line":5,"column":40},"end":{"line":7,"column":1}},"line":5}},"branchMap":{"0":{"loc":{"start":{"line":6,"column":9},"end":{"line":6,"column":51}},"type":"cond-expr","locations":[{"start":{"line":6,"column":23},"end":{"line":6,"column":33}},{"start":{"line":6,"column":36},"end":{"line":6,"column":51}}],"line":6}},"s":{"0":4,"1":1},"f":{"0":4,"1":1},"b":{"0":[1,0]},"_coverageSchema":"1a1c01bbd47fc00a2c39e90264f33305004495a9","hash":"64ce8bfaabf8646098ee062dabb7df5911bab156"}
,"/Users/cchaouat/Desktop/Jest/src/2_mockFn.js": {"path":"/Users/cchaouat/Desktop/Jest/src/2_mockFn.js","statementMap":{"0":{"start":{"line":6,"column":26},"end":{"line":14,"column":1}},"1":{"start":{"line":7,"column":16},"end":{"line":7,"column":32}},"2":{"start":{"line":9,"column":2},"end":{"line":11,"column":3}},"3":{"start":{"line":10,"column":4},"end":{"line":10,"column":21}},"4":{"start":{"line":13,"column":2},"end":{"line":13,"column":62}}},"fnMap":{"0":{"name":"(anonymous_0)","decl":{"start":{"line":6,"column":26},"end":{"line":6,"column":27}},"loc":{"start":{"line":6,"column":42},"end":{"line":14,"column":1}},"line":6}},"branchMap":{"0":{"loc":{"start":{"line":9,"column":2},"end":{"line":11,"column":3}},"type":"if","locations":[{"start":{"line":9,"column":2},"end":{"line":11,"column":3}},{"start":{},"end":{}}],"line":9}},"s":{"0":1,"1":0,"2":0,"3":0,"4":0},"f":{"0":0},"b":{"0":[0,0]},"_coverageSchema":"1a1c01bbd47fc00a2c39e90264f33305004495a9","hash":"d8cb93723fe806d4dca7e64f5864de1251f2ec76"}
,"/Users/cchaouat/Desktop/Jest/src/4_mockFetch.js": {"path":"/Users/cchaouat/Desktop/Jest/src/4_mockFetch.js","statementMap":{"0":{"start":{"line":10,"column":19},"end":{"line":12,"column":47}},"1":{"start":{"line":14,"column":19},"end":{"line":14,"column":62}},"2":{"start":{"line":14,"column":53},"end":{"line":14,"column":61}},"3":{"start":{"line":16,"column":2},"end":{"line":19,"column":3}},"4":{"start":{"line":17,"column":25},"end":{"line":17,"column":78}},"5":{"start":{"line":18,"column":4},"end":{"line":18,"column":24}},"6":{"start":{"line":21,"column":2},"end":{"line":23,"column":3}},"7":{"start":{"line":22,"column":4},"end":{"line":22,"column":25}},"8":{"start":{"line":25,"column":2},"end":{"line":27,"column":3}},"9":{"start":{"line":26,"column":4},"end":{"line":26,"column":56}},"10":{"start":{"line":29,"column":2},"end":{"line":29,"column":18}}},"fnMap":{"0":{"name":"fetchJoke","decl":{"start":{"line":9,"column":22},"end":{"line":9,"column":31}},"loc":{"start":{"line":9,"column":46},"end":{"line":30,"column":1}},"line":9},"1":{"name":"(anonymous_1)","decl":{"start":{"line":14,"column":46},"end":{"line":14,"column":47}},"loc":{"start":{"line":14,"column":53},"end":{"line":14,"column":61}},"line":14}},"branchMap":{"0":{"loc":{"start":{"line":10,"column":19},"end":{"line":12,"column":47}},"type":"cond-expr","locations":[{"start":{"line":11,"column":6},"end":{"line":11,"column":72}},{"start":{"line":12,"column":6},"end":{"line":12,"column":47}}],"line":10},"1":{"loc":{"start":{"line":16,"column":2},"end":{"line":19,"column":3}},"type":"if","locations":[{"start":{"line":16,"column":2},"end":{"line":19,"column":3}},{"start":{},"end":{}}],"line":16},"2":{"loc":{"start":{"line":21,"column":2},"end":{"line":23,"column":3}},"type":"if","locations":[{"start":{"line":21,"column":2},"end":{"line":23,"column":3}},{"start":{},"end":{}}],"line":21},"3":{"loc":{"start":{"line":25,"column":2},"end":{"line":27,"column":3}},"type":"if","locations":[{"start":{"line":25,"column":2},"end":{"line":27,"column":3}},{"start":{},"end":{}}],"line":25}},"s":{"0":0,"1":0,"2":0,"3":0,"4":0,"5":0,"6":0,"7":0,"8":0,"9":0,"10":0},"f":{"0":0,"1":0},"b":{"0":[0,0],"1":[0,0],"2":[0,0],"3":[0,0]},"_coverageSchema":"1a1c01bbd47fc00a2c39e90264f33305004495a9","hash":"20cc977b7afdf157610f9e983c6f7dee0d0ad0f1"}
,"/Users/cchaouat/Desktop/Jest/src/sum.js": {"path":"/Users/cchaouat/Desktop/Jest/src/sum.js","statementMap":{"0":{"start":{"line":2,"column":4},"end":{"line":2,"column":17}}},"fnMap":{"0":{"name":"sum","decl":{"start":{"line":1,"column":16},"end":{"line":1,"column":19}},"loc":{"start":{"line":1,"column":26},"end":{"line":3,"column":3}},"line":1}},"branchMap":{},"s":{"0":1},"f":{"0":1},"b":{},"_coverageSchema":"1a1c01bbd47fc00a2c39e90264f33305004495a9","hash":"fe5a1a4a9d30d303704e64b70a89813ae0368fcb"}
}
